build/app/outputs/mapping/release/usage.txt
com.example.first_app.R
com.example.first_app.R$dimen
com.example.first_app.R$integer
com.example.first_app.R$mipmap
com.example.first_app.R$drawable
com.example.first_app.R$style
com.example.first_app.R$string
com.example.first_app.R$layout
com.example.first_app.R$attr
com.example.first_app.R$color
com.example.first_app.R$styleable
com.example.first_app.R$id
com.example.first_app.BuildConfig
...
kotlin.internal.Exact
kotlin.jvm.internal.TypeIntrinsics
io.flutter.embedding.engine.loader.FlutterApplicationInfo:
    private static final java.lang.String DEFAULT_AOT_SHARED_LIBRARY_NAME
    private static final java.lang.String DEFAULT_VM_SNAPSHOT_DATA
    private static final java.lang.String DEFAULT_ISOLATE_SNAPSHOT_DATA
    private static final java.lang.String DEFAULT_FLUTTER_ASSETS_DIR
kotlin.coroutines.intrinsics.IntrinsicsKt
androidx.core.content.res.FontResourcesParserCompat$FontFamilyFilesResourceEntry
androidx.versionedparcelable.VersionedParcelStream$1
androidx.loader.content.AsyncTaskLoader$LoadTask
kotlin.collections.TypeAliasesKt
androidx.core.os.LocaleListCompatWrapper
androidx.fragment.app.Fragment$1
androidx.core.content.pm.ShortcutInfoCompat$Builder
kotlin.io.FileTreeWalk
kotlin.collections.ArraysKt___ArraysKt$asIterable$$inlined$Iterable$1
kotlin.coroutines.intrinsics.IntrinsicsKt__IntrinsicsKt
kotlin.collections.ULongIterator
androidx.fragment.app.FragmentManager
androidx.core.provider.FontsContractCompat$Columns
io.flutter.embedding.engine.FlutterEngineGroup
androidx.core.widget.ListPopupWindowCompat
androidx.loader.content.Loader
androidx.core.app.AlarmManagerCompat
androidx.core.graphics.drawable.WrappedDrawableApi14
kotlin.collections.AbstractList$Companion
androidx.lifecycle.ComputableLiveData$3
kotlin.collections.CollectionsKt__MutableCollectionsKt
androidx.core.graphics.drawable.WrappedDrawable
kotlin.ranges.RangesKt__RangesKt
androidx.core.graphics.drawable.RoundedBitmapDrawable21
kotlin.collections.unsigned.UArraysKt___UArraysJvmKt$asList$2
io.flutter.view.FlutterNativeView$EngineLifecycleListenerImpl
kotlin.reflect.KFunction
kotlin.collections.SetsKt
androidx.lifecycle.ClassesInfoCache
kotlin.reflect.KMutableProperty2$Setter
kotlin.Function
androidx.fragment.app.FragmentTransition
kotlin.ranges.IntRange$Companion
androidx.core.os.ParcelableCompat
kotlin.jvm.internal.Ref
kotlin.jvm.internal.PrimitiveSpreadBuilder
kotlin.collections.CollectionsKt__CollectionsJVMKt
androidx.loader.R$attr
kotlin.jvm.internal.Ref$CharRef
androidx.arch.core.executor.ArchTaskExecutor$1
io.flutter.embedding.engine.FlutterEngineConnectionRegistry$DefaultFlutterAssets:
    public java.lang.String getAssetFilePathByName(java.lang.String)
    public java.lang.String getAssetFilePathByName(java.lang.String,java.lang.String)
    public java.lang.String getAssetFilePathBySubpath(java.lang.String)
    public java.lang.String getAssetFilePathBySubpath(java.lang.String,java.lang.String)
androidx.activity.R$id
androidx.core.os.BuildCompat
kotlin.sequences.DistinctSequence
kotlin.collections.AbstractIterator$WhenMappings
kotlin.reflect.KProperty$Getter
org.intellij.lang.annotations.JdkConstants$CalendarMonth
androidx.core.view.MarginLayoutParamsCompat
kotlin.collections.AbstractCollection
androidx.core.app.ActivityCompat$OnRequestPermissionsResultCallback
androidx.viewpager.R
kotlin.jvm.internal.ArrayShortIterator
kotlin.collections.CollectionsKt___CollectionsKt$groupingBy$1
androidx.fragment.app.FragmentManagerImpl$AnimationOrAnimator
androidx.core.widget.NestedScrollView$OnScrollChangeListener
kotlin.sequences.SequencesKt__SequencesKt$flatten$2
kotlin.collections.ArraysKt___ArraysKt$asSequence$$inlined$Sequence$8
kotlin.jvm.internal.FunctionReference
kotlin.jvm.Synchronized
androidx.core.text.PrecomputedTextCompat$PrecomputedTextFutureTask
kotlin.UNINITIALIZED_VALUE
io.flutter.app.FlutterPluginRegistry
androidx.fragment.app.Fragment$SavedState$1
androidx.core.content.res.FontResourcesParserCompat$ProviderResourceEntry
androidx.customview.R$string
kotlin.sequences.TransformingIndexedSequence$iterator$1
kotlin.LazyKt$WhenMappings
androidx.annotation.IntRange
kotlin.reflect.KClass
androidx.core.text.BidiFormatter$DirectionalityEstimator